<?xml version="1.0" encoding="UTF-8"?>
<!-- Generated by org.testng.reporters.JUnitXMLReporter -->
<testsuite ignored="0" hostname="LAPTOP-CQ3BBBM0" failures="0" tests="3" name="Default test" time="153.682" errors="0" timestamp="2021-08-27T10:48:18 IST">
  <testcase classname="PomTestCase.CreateOppertunutyTest" name="CreateOpportunityWithOrg" time="43.275"/>
  <testcase classname="PomTestCase.CreateOppertunutyTest" name="CreteOpportunityWithContactAndOrganizations" time="20.418"/>
  <testcase classname="PomTestCase.CreateOppertunutyTest" name="createOppurtunity" time="12.421"/>
</testsuite> <!-- Default test -->
