<?xml version="1.0" encoding="UTF-8"?>
<!-- Generated by org.testng.reporters.JUnitXMLReporter -->
<testsuite ignored="0" hostname="LAPTOP-CQ3BBBM0" failures="0" tests="2" name="TestRunner 2" time="0.084" errors="0" timestamp="2021-08-24T17:15:18 IST">
  <testcase classname="PomTestCase.SampleTestScriptForParaleleTest" name="SampleMethod1" time="0.01"/>
  <testcase classname="PomTestCase.SampleTestScriptForParaleleTest" name="SampleMethod2" time="0.003"/>
</testsuite> <!-- TestRunner 2 -->
