<?xml version="1.0" encoding="UTF-8"?>
<!-- Generated by org.testng.reporters.JUnitXMLReporter -->
<testsuite ignored="1" hostname="LAPTOP-CQ3BBBM0" failures="0" tests="2" name="Test" time="49.192" errors="0" timestamp="2021-08-24T13:02:51 IST">
  <testcase classname="PomTestCase.CreateOppertunutyTest" name="CreateOpportunityWithOrg" time="12.034"/>
  <testcase classname="PomTestCase.CreateOppertunutyTest" name="CreteOpportunityWithContactAndOrganizations" time="20.518"/>
  <testcase classname="PomTestCase.CreateOppertunutyTest" name="createOppurtunity" time="0.0">
    <ignored/>
  </testcase> <!-- createOppurtunity -->
</testsuite> <!-- Test -->
