<?xml version="1.0" encoding="UTF-8"?>
<!-- Generated by org.testng.reporters.JUnitXMLReporter -->
<testsuite ignored="0" hostname="LAPTOP-CQ3BBBM0" failures="0" tests="3" name="TestRunner 1" time="125.246" errors="0" timestamp="2021-08-24T17:17:23 IST">
  <testcase classname="PomTestCase.CreateOppertunutyTest" name="CreateOpportunityWithOrg" time="30.366"/>
  <testcase classname="PomTestCase.CreateOppertunutyTest" name="CreteOpportunityWithContactAndOrganizations" time="24.835"/>
  <testcase classname="PomTestCase.CreateOppertunutyTest" name="createOppurtunity" time="13.334"/>
</testsuite> <!-- TestRunner 1 -->
