<?xml version="1.0" encoding="UTF-8"?>
<!-- Generated by org.testng.reporters.JUnitXMLReporter -->
<testsuite ignored="2" hostname="LAPTOP-CQ3BBBM0" failures="0" tests="1" name="Test Runner - 1" time="64.955" errors="0" timestamp="2021-08-24T14:12:02 IST">
  <testcase classname="PomTestCase.CreateOppertunutyTest" name="CreteOpportunityWithContactAndOrganizations" time="34.043"/>
  <testcase classname="PomTestCase.CreateOppertunutyTest" name="CreateOpportunityWithOrg" time="0.0">
    <ignored/>
  </testcase> <!-- CreateOpportunityWithOrg -->
  <testcase classname="PomTestCase.CreateOppertunutyTest" name="createOppurtunity" time="0.0">
    <ignored/>
  </testcase> <!-- createOppurtunity -->
</testsuite> <!-- Test Runner - 1 -->
