<?xml version="1.0" encoding="UTF-8"?>
<testng-results ignored="0" total="3" passed="3" failed="0" skipped="0">
  <reporter-output>
  </reporter-output>
  <suite started-at="2021-08-27T10:45:44 IST" name="Default suite" finished-at="2021-08-27T10:48:18 IST" duration-ms="153682">
    <groups>
      <group name="RegressionTesting">
        <method signature="CreateOppertunutyTest.CreateOpportunityWithOrg()[pri:0, instance:PomTestCase.CreateOppertunutyTest@1de76cc7]" name="CreateOpportunityWithOrg" class="PomTestCase.CreateOppertunutyTest"/>
        <method signature="CreateOppertunutyTest.CreteOpportunityWithContactAndOrganizations()[pri:0, instance:PomTestCase.CreateOppertunutyTest@1de76cc7]" name="CreteOpportunityWithContactAndOrganizations" class="PomTestCase.CreateOppertunutyTest"/>
      </group> <!-- RegressionTesting -->
      <group name="smokeTest">
        <method signature="CreateOppertunutyTest.createOppurtunity()[pri:0, instance:PomTestCase.CreateOppertunutyTest@1de76cc7]" name="createOppurtunity" class="PomTestCase.CreateOppertunutyTest"/>
      </group> <!-- smokeTest -->
    </groups>
    <test started-at="2021-08-27T10:45:44 IST" name="Default test" finished-at="2021-08-27T10:48:18 IST" duration-ms="153682">
      <class name="PomTestCase.CreateOppertunutyTest">
        <test-method is-config="true" signature="configBS()[pri:0, instance:PomTestCase.CreateOppertunutyTest@1de76cc7]" started-at="2021-08-27T10:45:44 IST" name="configBS" finished-at="2021-08-27T10:45:44 IST" duration-ms="15" status="PASS">
          <reporter-output>
          </reporter-output>
        </test-method> <!-- configBS -->
        <test-method is-config="true" signature="configBC()[pri:0, instance:PomTestCase.CreateOppertunutyTest@1de76cc7]" started-at="2021-08-27T10:45:44 IST" name="configBC" finished-at="2021-08-27T10:46:19 IST" duration-ms="34684" status="PASS">
          <reporter-output>
          </reporter-output>
        </test-method> <!-- configBC -->
        <test-method is-config="true" signature="configBM()[pri:0, instance:PomTestCase.CreateOppertunutyTest@1de76cc7]" started-at="2021-08-27T10:46:19 IST" name="configBM" finished-at="2021-08-27T10:46:42 IST" duration-ms="23174" status="PASS">
          <reporter-output>
          </reporter-output>
        </test-method> <!-- configBM -->
        <test-method signature="CreateOpportunityWithOrg()[pri:0, instance:PomTestCase.CreateOppertunutyTest@1de76cc7]" started-at="2021-08-27T10:46:42 IST" name="CreateOpportunityWithOrg" finished-at="2021-08-27T10:47:25 IST" duration-ms="43275" status="PASS">
          <reporter-output>
          </reporter-output>
        </test-method> <!-- CreateOpportunityWithOrg -->
        <test-method is-config="true" signature="configAM()[pri:0, instance:PomTestCase.CreateOppertunutyTest@1de76cc7]" started-at="2021-08-27T10:47:25 IST" name="configAM" finished-at="2021-08-27T10:47:29 IST" duration-ms="3499" status="PASS">
          <reporter-output>
          </reporter-output>
        </test-method> <!-- configAM -->
        <test-method is-config="true" signature="configBM()[pri:0, instance:PomTestCase.CreateOppertunutyTest@1de76cc7]" started-at="2021-08-27T10:47:29 IST" name="configBM" finished-at="2021-08-27T10:47:35 IST" duration-ms="5788" status="PASS">
          <reporter-output>
          </reporter-output>
        </test-method> <!-- configBM -->
        <test-method signature="CreteOpportunityWithContactAndOrganizations()[pri:0, instance:PomTestCase.CreateOppertunutyTest@1de76cc7]" started-at="2021-08-27T10:47:35 IST" name="CreteOpportunityWithContactAndOrganizations" finished-at="2021-08-27T10:47:55 IST" duration-ms="20418" status="PASS">
          <reporter-output>
          </reporter-output>
        </test-method> <!-- CreteOpportunityWithContactAndOrganizations -->
        <test-method is-config="true" signature="configAM()[pri:0, instance:PomTestCase.CreateOppertunutyTest@1de76cc7]" started-at="2021-08-27T10:47:55 IST" name="configAM" finished-at="2021-08-27T10:47:58 IST" duration-ms="2878" status="PASS">
          <reporter-output>
          </reporter-output>
        </test-method> <!-- configAM -->
        <test-method is-config="true" signature="configBM()[pri:0, instance:PomTestCase.CreateOppertunutyTest@1de76cc7]" started-at="2021-08-27T10:47:58 IST" name="configBM" finished-at="2021-08-27T10:48:01 IST" duration-ms="3062" status="PASS">
          <reporter-output>
          </reporter-output>
        </test-method> <!-- configBM -->
        <test-method signature="createOppurtunity()[pri:0, instance:PomTestCase.CreateOppertunutyTest@1de76cc7]" started-at="2021-08-27T10:48:01 IST" name="createOppurtunity" finished-at="2021-08-27T10:48:13 IST" duration-ms="12421" status="PASS">
          <reporter-output>
          </reporter-output>
        </test-method> <!-- createOppurtunity -->
        <test-method is-config="true" signature="configAM()[pri:0, instance:PomTestCase.CreateOppertunutyTest@1de76cc7]" started-at="2021-08-27T10:48:13 IST" name="configAM" finished-at="2021-08-27T10:48:16 IST" duration-ms="2988" status="PASS">
          <reporter-output>
          </reporter-output>
        </test-method> <!-- configAM -->
        <test-method is-config="true" signature="configAC()[pri:0, instance:PomTestCase.CreateOppertunutyTest@1de76cc7]" started-at="2021-08-27T10:48:16 IST" name="configAC" finished-at="2021-08-27T10:48:18 IST" duration-ms="1440" status="PASS">
          <reporter-output>
          </reporter-output>
        </test-method> <!-- configAC -->
        <test-method is-config="true" signature="configAS()[pri:0, instance:PomTestCase.CreateOppertunutyTest@1de76cc7]" started-at="2021-08-27T10:48:18 IST" name="configAS" finished-at="2021-08-27T10:48:18 IST" duration-ms="1" status="PASS">
          <reporter-output>
          </reporter-output>
        </test-method> <!-- configAS -->
      </class> <!-- PomTestCase.CreateOppertunutyTest -->
    </test> <!-- Default test -->
  </suite> <!-- Default suite -->
</testng-results>
